Removed Pin From Net: NetName=12V_EXP Pin=C23-1
Removed Pin From Net: NetName=12V_EXP Pin=C173-2
Removed Pin From Net: NetName=GND Pin=PD43-1
Removed Pin From Net: NetName=GND Pin=PD44-1
Removed Pin From Net: NetName=GND Pin=PD45-1
Removed Pin From Net: NetName=GND Pin=PD46-1
Removed Pin From Net: NetName=GND Pin=PD47-1
Removed Pin From Net: NetName=GND Pin=PD48-1
Removed Pin From Net: NetName=PHOTODIODE Pin=TP5-1
Removed Pin From Net: NetName=NetPD8_2 Pin=U1-12
Removed Pin From Net: NetName=NetPD9_2 Pin=U2-2
Removed Pin From Net: NetName=NetPD10_2 Pin=U2-3
Removed Pin From Net: NetName=NetPD11_2 Pin=U2-5
Removed Pin From Net: NetName=NetPD12_2 Pin=U2-7
Removed Pin From Net: NetName=NetPD16_2 Pin=U2-12
Removed Pin From Net: NetName=NetPD15_2 Pin=U2-13
Removed Pin From Net: NetName=NetPD14_2 Pin=U2-15
Removed Pin From Net: NetName=NetPD13_2 Pin=U2-17
Removed Pin From Net: NetName=NetPD17_2 Pin=U5-2
Removed Pin From Net: NetName=NetPD18_2 Pin=U5-3
Removed Pin From Net: NetName=NetPD19_2 Pin=U5-5
Removed Pin From Net: NetName=NetPD20_2 Pin=U5-7
Removed Pin From Net: NetName=NetPD24_2 Pin=U5-12
Removed Pin From Net: NetName=NetPD23_2 Pin=U5-13
Removed Pin From Net: NetName=NetPD22_2 Pin=U5-15
Removed Pin From Net: NetName=NetPD21_2 Pin=U5-17
Removed Pin From Net: NetName=NetPD25_2 Pin=U6-2
Removed Pin From Net: NetName=NetPD26_2 Pin=U6-3
Removed Pin From Net: NetName=NetPD27_2 Pin=U6-5
Removed Pin From Net: NetName=NetPD28_2 Pin=U6-7
Removed Pin From Net: NetName=NetPD32_2 Pin=U6-12
Removed Pin From Net: NetName=NetPD31_2 Pin=U6-13
Removed Pin From Net: NetName=NetPD30_2 Pin=U6-15
Removed Pin From Net: NetName=NetPD29_2 Pin=U6-17
Removed Pin From Net: NetName=NetPD33_2 Pin=U7-2
Removed Pin From Net: NetName=NetPD34_2 Pin=U7-3
Removed Pin From Net: NetName=NetPD35_2 Pin=U7-5
Removed Pin From Net: NetName=NetPD36_2 Pin=U7-7
Removed Pin From Net: NetName=NetPD40_2 Pin=U7-12
Removed Pin From Net: NetName=NetPD39_2 Pin=U7-13
Removed Pin From Net: NetName=NetPD38_2 Pin=U7-15
Removed Pin From Net: NetName=NetPD37_2 Pin=U7-17
Removed Pin From Net: NetName=NetPD41_2 Pin=U8-2
Removed Pin From Net: NetName=NetPD42_2 Pin=U8-3
Removed Pin From Net: NetName=12V_EXP Pin=U12-1
Removed Pin From Net: NetName=12V_EXP Pin=U12-2
Removed Member From Class: ClassName=PHOTODIODE Member=PD43
Removed Member From Class: ClassName=PHOTODIODE Member=PD44
Removed Member From Class: ClassName=PHOTODIODE Member=PD45
Removed Member From Class: ClassName=PHOTODIODE Member=PD46
Removed Member From Class: ClassName=PHOTODIODE Member=PD47
Removed Member From Class: ClassName=PHOTODIODE Member=PD48
Removed Member From Class: ClassName=PHOTODIODE Member=TP5
Added Pin To Net: NetName=+5 Pin=C23-1
Added Pin To Net: NetName=+5 Pin=C173-2
Added Pin To Net: NetName=NetPD8_2 Pin=U2-2
Added Pin To Net: NetName=NetPD9_2 Pin=U2-3
Added Pin To Net: NetName=NetPD10_2 Pin=U2-5
Added Pin To Net: NetName=NetPD11_2 Pin=U2-7
Added Pin To Net: NetName=NetPD14_2 Pin=U2-13
Added Pin To Net: NetName=NetPD13_2 Pin=U2-15
Added Pin To Net: NetName=NetPD12_2 Pin=U2-17
Added Pin To Net: NetName=NetPD15_2 Pin=U5-2
Added Pin To Net: NetName=NetPD16_2 Pin=U5-3
Added Pin To Net: NetName=NetPD17_2 Pin=U5-5
Added Pin To Net: NetName=NetPD18_2 Pin=U5-7
Added Pin To Net: NetName=NetPD21_2 Pin=U5-13
Added Pin To Net: NetName=NetPD20_2 Pin=U5-15
Added Pin To Net: NetName=NetPD19_2 Pin=U5-17
Added Pin To Net: NetName=NetPD22_2 Pin=U6-2
Added Pin To Net: NetName=NetPD23_2 Pin=U6-3
Added Pin To Net: NetName=NetPD24_2 Pin=U6-5
Added Pin To Net: NetName=NetPD25_2 Pin=U6-7
Added Pin To Net: NetName=NetPD28_2 Pin=U6-13
Added Pin To Net: NetName=NetPD27_2 Pin=U6-15
Added Pin To Net: NetName=NetPD26_2 Pin=U6-17
Added Pin To Net: NetName=NetPD29_2 Pin=U7-2
Added Pin To Net: NetName=NetPD30_2 Pin=U7-3
Added Pin To Net: NetName=NetPD31_2 Pin=U7-5
Added Pin To Net: NetName=NetPD32_2 Pin=U7-7
Added Pin To Net: NetName=NetPD35_2 Pin=U7-13
Added Pin To Net: NetName=NetPD34_2 Pin=U7-15
Added Pin To Net: NetName=NetPD33_2 Pin=U7-17
Added Pin To Net: NetName=NetPD36_2 Pin=U8-2
Added Pin To Net: NetName=NetPD37_2 Pin=U8-3
Added Pin To Net: NetName=NetPD38_2 Pin=U8-5
Added Pin To Net: NetName=NetPD39_2 Pin=U8-7
Added Pin To Net: NetName=NetPD42_2 Pin=U8-13
Added Pin To Net: NetName=NetPD41_2 Pin=U8-15
Added Pin To Net: NetName=NetPD40_2 Pin=U8-17
Added Pin To Net: NetName=+5 Pin=U12-1
Added Pin To Net: NetName=+5 Pin=U12-2
