Added Component: Designator=C1(SM-0603)
Add component (AddParameter): Name = "Value"; Value = "103"; VariantName = "[No Variations]"
Added Component: Designator=C2(SM-0603)
Add component (AddParameter): Name = "Value"; Value = "103"; VariantName = "[No Variations]"
Added Component: Designator=C3(SM-0603)
Add component (AddParameter): Name = "Value"; Value = "103"; VariantName = "[No Variations]"
Added Component: Designator=C4(SM-0603)
Add component (AddParameter): Name = "Value"; Value = "103"; VariantName = "[No Variations]"
Added Component: Designator=C5(SM-0603)
Add component (AddParameter): Name = "Value"; Value = "103"; VariantName = "[No Variations]"
Added Component: Designator=C6(SM-0603)
Add component (AddParameter): Name = "Value"; Value = "103"; VariantName = "[No Variations]"
Added Component: Designator=C7(SM-0603)
Add component (AddParameter): Name = "Value"; Value = "103"; VariantName = "[No Variations]"
Added Component: Designator=C8(SM-0603)
Add component (AddParameter): Name = "Value"; Value = "103"; VariantName = "[No Variations]"
Added Component: Designator=C9(SM-0603)
Add component (AddParameter): Name = "Value"; Value = "103"; VariantName = "[No Variations]"
Added Component: Designator=C10(SM-0603)
Add component (AddParameter): Name = "Value"; Value = "103"; VariantName = "[No Variations]"
Added Component: Designator=C11(SM-0603)
Add component (AddParameter): Name = "Value"; Value = "103"; VariantName = "[No Variations]"
Added Component: Designator=C12(SM-0603)
Add component (AddParameter): Name = "Value"; Value = "103"; VariantName = "[No Variations]"
Added Component: Designator=C13(SM-0603)
Add component (AddParameter): Name = "Value"; Value = "103"; VariantName = "[No Variations]"
Added Component: Designator=C14(SM-0603)
Add component (AddParameter): Name = "Value"; Value = "103"; VariantName = "[No Variations]"
Added Component: Designator=C15(SM-0603)
Add component (AddParameter): Name = "Value"; Value = "103"; VariantName = "[No Variations]"
Added Component: Designator=C16(SM-0603)
Add component (AddParameter): Name = "Value"; Value = "103"; VariantName = "[No Variations]"
Added Component: Designator=C17(SM-0603)
Add component (AddParameter): Name = "Value"; Value = "103"; VariantName = "[No Variations]"
Added Component: Designator=C18(SM-0603)
Add component (AddParameter): Name = "Value"; Value = "103"; VariantName = "[No Variations]"
Added Component: Designator=C19(SM-0603)
Add component (AddParameter): Name = "Value"; Value = "103"; VariantName = "[No Variations]"
Added Component: Designator=C20(SM-0603)
Add component (AddParameter): Name = "Value"; Value = "103"; VariantName = "[No Variations]"
Added Component: Designator=C21(SM-0603)
Add component (AddParameter): Name = "Value"; Value = "103"; VariantName = "[No Variations]"
Added Component: Designator=C22(SM-0603)
Add component (AddParameter): Name = "Value"; Value = "103"; VariantName = "[No Variations]"
Added Component: Designator=C23(CAP TANT 2312)
Add component (AddParameter): Name = "LatestRevisionDate"; Value = "17-Jul-2002"; VariantName = "[No Variations]"
Add component (AddParameter): Name = "LatestRevisionNote"; Value = "Re-released for DXP Platform."; VariantName = "[No Variations]"
Add component (AddParameter): Name = "PackageReference"; Value = "POLAR0.8"; VariantName = "[No Variations]"
Add component (AddParameter): Name = "Published"; Value = "8-Jun-2000"; VariantName = "[No Variations]"
Add component (AddParameter): Name = "Publisher"; Value = "Altium Limited"; VariantName = "[No Variations]"
Added Component: Designator=C24(CAP TANT 2312)
Add component (AddParameter): Name = "LatestRevisionDate"; Value = "17-Jul-2002"; VariantName = "[No Variations]"
Add component (AddParameter): Name = "LatestRevisionNote"; Value = "Re-released for DXP Platform."; VariantName = "[No Variations]"
Add component (AddParameter): Name = "PackageReference"; Value = "POLAR0.8"; VariantName = "[No Variations]"
Add component (AddParameter): Name = "Published"; Value = "8-Jun-2000"; VariantName = "[No Variations]"
Add component (AddParameter): Name = "Publisher"; Value = "Altium Limited"; VariantName = "[No Variations]"
Added Component: Designator=C25(SM-0603)
Add component (AddParameter): Name = "Value"; Value = "103"; VariantName = "[No Variations]"
Added Component: Designator=C33(SM-0603)
Add component (AddParameter): Name = "Value"; Value = "103"; VariantName = "[No Variations]"
Added Component: Designator=C173(SM-0603)
Add component (AddParameter): Name = "Value"; Value = "103"; VariantName = "[No Variations]"
Added Component: Designator=C207(SM-0603)
Add component (AddParameter): Name = "Value"; Value = "103"; VariantName = "[No Variations]"
Added Component: Designator=C209(SM-0603)
Add component (AddParameter): Name = "Value"; Value = "103"; VariantName = "[No Variations]"
Added Component: Designator=C213(SM-0603)
Add component (AddParameter): Name = "Value"; Value = "103"; VariantName = "[No Variations]"
Added Component: Designator=C215(SM-0603)
Add component (AddParameter): Name = "Value"; Value = "103"; VariantName = "[No Variations]"
Added Component: Designator=C219(SM-0603)
Add component (AddParameter): Name = "Value"; Value = "103"; VariantName = "[No Variations]"
Added Component: Designator=D1(SOT23-123)
Added Component: Designator=D2(SOT23-123)
Added Component: Designator=D3(SOT23-123)
Added Component: Designator=D4(SOT23-123)
Added Component: Designator=D5(SOT23-123)
Added Component: Designator=DS1(GREENLED_0603)
Add component (AddParameter): Name = "Value"; Value = "LED 3 - 5 ly 2 Colour"; VariantName = "[No Variations]"
Added Component: Designator=DS2(GREENLED_0603)
Add component (AddParameter): Name = "Value"; Value = "LED 3 - 5 ly 2 Colour"; VariantName = "[No Variations]"
Added Component: Designator=J1(0532610971)
Add component (AddParameter): Name = "ComponentLink1 Description"; Value = "Manufacturer"; VariantName = "[No Variations]"
Add component (AddParameter): Name = "ComponentLink1URL"; Value = "http://www.we-online.com"; VariantName = "[No Variations]"
Add component (AddParameter): Name = "ComponentLink2 Description"; Value = "Datasheet"; VariantName = "[No Variations]"
Add component (AddParameter): Name = "ComponentLink2URL"; Value = "http://katalog.we-online.de/em/datasheet/6130xx143121.pdf"; VariantName = "[No Variations]"
Add component (AddParameter): Name = "Created by"; Value = "Karrer Zheng"; VariantName = "[No Variations]"
Add component (AddParameter): Name = "Created Date"; Value = "29 March 2013"; VariantName = "[No Variations]"
Add component (AddParameter): Name = "Manufacturer"; Value = "W¨¹rth Elektronik eiSos GmbH"; VariantName = "[No Variations]"
Add component (AddParameter): Name = "NoPins"; Value = "09"; VariantName = "[No Variations]"
Add component (AddParameter): Name = "partNo"; Value = "613009143121"; VariantName = "[No Variations]"
Added Component: Designator=J2(M50-3930342)
Add component (AddParameter): Name = "ComponentLink1 Description"; Value = "Manufacturer"; VariantName = "[No Variations]"
Add component (AddParameter): Name = "ComponentLink1URL"; Value = "http://www.we-online.com"; VariantName = "[No Variations]"
Add component (AddParameter): Name = "ComponentLink2 Description"; Value = "Datasheet"; VariantName = "[No Variations]"
Add component (AddParameter): Name = "ComponentLink2URL"; Value = "http://katalog.we-online.de/em/datasheet/6130xx143121.pdf"; VariantName = "[No Variations]"
Add component (AddParameter): Name = "Created by"; Value = "Karrer Zheng"; VariantName = "[No Variations]"
Add component (AddParameter): Name = "Created Date"; Value = "29 March 2013"; VariantName = "[No Variations]"
Add component (AddParameter): Name = "Manufacturer"; Value = "W¨¹rth Elektronik eiSos GmbH"; VariantName = "[No Variations]"
Add component (AddParameter): Name = "NoPins"; Value = "03"; VariantName = "[No Variations]"
Add component (AddParameter): Name = "partNo"; Value = "613003143121"; VariantName = "[No Variations]"
Added Component: Designator=PD1(VEMD5080X01)
Added Component: Designator=PD2(VEMD5080X01)
Added Component: Designator=PD3(VEMD5080X01)
Added Component: Designator=PD4(VEMD5080X01)
Added Component: Designator=PD5(VEMD5080X01)
Added Component: Designator=PD6(VEMD5080X01)
Added Component: Designator=PD7(VEMD5080X01)
Added Component: Designator=PD8(VEMD5080X01)
Added Component: Designator=PD9(VEMD5080X01)
Added Component: Designator=PD10(VEMD5080X01)
Added Component: Designator=PD11(VEMD5080X01)
Added Component: Designator=PD12(VEMD5080X01)
Added Component: Designator=PD13(VEMD5080X01)
Added Component: Designator=PD14(VEMD5080X01)
Added Component: Designator=PD15(VEMD5080X01)
Added Component: Designator=PD16(VEMD5080X01)
Added Component: Designator=PD17(VEMD5080X01)
Added Component: Designator=PD18(VEMD5080X01)
Added Component: Designator=PD19(VEMD5080X01)
Added Component: Designator=PD20(VEMD5080X01)
Added Component: Designator=PD21(VEMD5080X01)
Added Component: Designator=PD22(VEMD5080X01)
Added Component: Designator=PD23(VEMD5080X01)
Added Component: Designator=PD24(VEMD5080X01)
Added Component: Designator=PD25(VEMD5080X01)
Added Component: Designator=PD26(VEMD5080X01)
Added Component: Designator=PD27(VEMD5080X01)
Added Component: Designator=PD28(VEMD5080X01)
Added Component: Designator=PD29(VEMD5080X01)
Added Component: Designator=PD30(VEMD5080X01)
Added Component: Designator=PD31(VEMD5080X01)
Added Component: Designator=PD32(VEMD5080X01)
Added Component: Designator=PD33(VEMD5080X01)
Added Component: Designator=PD34(VEMD5080X01)
Added Component: Designator=PD35(VEMD5080X01)
Added Component: Designator=PD36(VEMD5080X01)
Added Component: Designator=PD37(VEMD5080X01)
Added Component: Designator=PD38(VEMD5080X01)
Added Component: Designator=PD39(VEMD5080X01)
Added Component: Designator=PD40(VEMD5080X01)
Added Component: Designator=PD41(VEMD5080X01)
Added Component: Designator=PD42(VEMD5080X01)
Added Component: Designator=PD43(VEMD5080X01)
Added Component: Designator=PD44(VEMD5080X01)
Added Component: Designator=PD45(VEMD5080X01)
Added Component: Designator=PD46(VEMD5080X01)
Added Component: Designator=PD47(VEMD5080X01)
Added Component: Designator=PD48(VEMD5080X01)
Added Component: Designator=R1(RES-SMD-0603)
Add component (AddParameter): Name = "Class"; Value = "Passive"; VariantName = "[No Variations]"
Add component (AddParameter): Name = "Manufacturer"; Value = "Generic Components"; VariantName = "[No Variations]"
Add component (AddParameter): Name = "Published"; Value = "08/06/2000"; VariantName = "[No Variations]"
Add component (AddParameter): Name = "Publisher"; Value = "Altium Hobart Technology Centre"; VariantName = "[No Variations]"
Added Component: Designator=R2(RES-SMD-0603)
Add component (AddParameter): Name = "Class"; Value = "Passive"; VariantName = "[No Variations]"
Add component (AddParameter): Name = "Manufacturer"; Value = "Generic Components"; VariantName = "[No Variations]"
Add component (AddParameter): Name = "Published"; Value = "08/06/2000"; VariantName = "[No Variations]"
Add component (AddParameter): Name = "Publisher"; Value = "Altium Hobart Technology Centre"; VariantName = "[No Variations]"
Added Component: Designator=R3(RES-SMD-0603)
Add component (AddParameter): Name = "Class"; Value = "Passive"; VariantName = "[No Variations]"
Add component (AddParameter): Name = "Manufacturer"; Value = "Generic Components"; VariantName = "[No Variations]"
Add component (AddParameter): Name = "Published"; Value = "08/06/2000"; VariantName = "[No Variations]"
Add component (AddParameter): Name = "Publisher"; Value = "Altium Hobart Technology Centre"; VariantName = "[No Variations]"
Added Component: Designator=R4(RES-SMD-0603)
Add component (AddParameter): Name = "Class"; Value = "Passive"; VariantName = "[No Variations]"
Add component (AddParameter): Name = "Manufacturer"; Value = "Generic Components"; VariantName = "[No Variations]"
Add component (AddParameter): Name = "Published"; Value = "08/06/2000"; VariantName = "[No Variations]"
Add component (AddParameter): Name = "Publisher"; Value = "Altium Hobart Technology Centre"; VariantName = "[No Variations]"
Added Component: Designator=R5(RES-SMD-0603)
Add component (AddParameter): Name = "Class"; Value = "Passive"; VariantName = "[No Variations]"
Add component (AddParameter): Name = "Manufacturer"; Value = "Generic Components"; VariantName = "[No Variations]"
Add component (AddParameter): Name = "Published"; Value = "08/06/2000"; VariantName = "[No Variations]"
Add component (AddParameter): Name = "Publisher"; Value = "Altium Hobart Technology Centre"; VariantName = "[No Variations]"
Added Component: Designator=R6(RES-SMD-0603)
Add component (AddParameter): Name = "Class"; Value = "Passive"; VariantName = "[No Variations]"
Add component (AddParameter): Name = "Manufacturer"; Value = "Generic Components"; VariantName = "[No Variations]"
Add component (AddParameter): Name = "Published"; Value = "08/06/2000"; VariantName = "[No Variations]"
Add component (AddParameter): Name = "Publisher"; Value = "Altium Hobart Technology Centre"; VariantName = "[No Variations]"
Added Component: Designator=R7(RES-SMD-0603)
Add component (AddParameter): Name = "Class"; Value = "Passive"; VariantName = "[No Variations]"
Add component (AddParameter): Name = "Manufacturer"; Value = "Generic Components"; VariantName = "[No Variations]"
Add component (AddParameter): Name = "Published"; Value = "08/06/2000"; VariantName = "[No Variations]"
Add component (AddParameter): Name = "Publisher"; Value = "Altium Hobart Technology Centre"; VariantName = "[No Variations]"
Added Component: Designator=R8(RES-SMD-0603)
Add component (AddParameter): Name = "Class"; Value = "Passive"; VariantName = "[No Variations]"
Add component (AddParameter): Name = "Manufacturer"; Value = "Generic Components"; VariantName = "[No Variations]"
Add component (AddParameter): Name = "Published"; Value = "08/06/2000"; VariantName = "[No Variations]"
Add component (AddParameter): Name = "Publisher"; Value = "Altium Hobart Technology Centre"; VariantName = "[No Variations]"
Added Component: Designator=R9(RES-SMD-0603)
Add component (AddParameter): Name = "Class"; Value = "Passive"; VariantName = "[No Variations]"
Add component (AddParameter): Name = "Manufacturer"; Value = "Generic Components"; VariantName = "[No Variations]"
Add component (AddParameter): Name = "Published"; Value = "08/06/2000"; VariantName = "[No Variations]"
Add component (AddParameter): Name = "Publisher"; Value = "Altium Hobart Technology Centre"; VariantName = "[No Variations]"
Added Component: Designator=R10(RES-SMD-0603)
Add component (AddParameter): Name = "Class"; Value = "Passive"; VariantName = "[No Variations]"
Add component (AddParameter): Name = "Manufacturer"; Value = "Generic Components"; VariantName = "[No Variations]"
Add component (AddParameter): Name = "Published"; Value = "08/06/2000"; VariantName = "[No Variations]"
Add component (AddParameter): Name = "Publisher"; Value = "Altium Hobart Technology Centre"; VariantName = "[No Variations]"
Added Component: Designator=R11(RES-SMD-0603)
Add component (AddParameter): Name = "Class"; Value = "Passive"; VariantName = "[No Variations]"
Add component (AddParameter): Name = "Manufacturer"; Value = "Generic Components"; VariantName = "[No Variations]"
Add component (AddParameter): Name = "Published"; Value = "08/06/2000"; VariantName = "[No Variations]"
Add component (AddParameter): Name = "Publisher"; Value = "Altium Hobart Technology Centre"; VariantName = "[No Variations]"
Added Component: Designator=R12(RES-SMD-0603)
Add component (AddParameter): Name = "Class"; Value = "Passive"; VariantName = "[No Variations]"
Add component (AddParameter): Name = "Manufacturer"; Value = "Generic Components"; VariantName = "[No Variations]"
Add component (AddParameter): Name = "Published"; Value = "08/06/2000"; VariantName = "[No Variations]"
Add component (AddParameter): Name = "Publisher"; Value = "Altium Hobart Technology Centre"; VariantName = "[No Variations]"
Added Component: Designator=R13(RES-SMD-0603)
Add component (AddParameter): Name = "Class"; Value = "Passive"; VariantName = "[No Variations]"
Add component (AddParameter): Name = "Manufacturer"; Value = "Generic Components"; VariantName = "[No Variations]"
Add component (AddParameter): Name = "Published"; Value = "08/06/2000"; VariantName = "[No Variations]"
Add component (AddParameter): Name = "Publisher"; Value = "Altium Hobart Technology Centre"; VariantName = "[No Variations]"
Added Component: Designator=R14(RES-SMD-0603)
Add component (AddParameter): Name = "Class"; Value = "Passive"; VariantName = "[No Variations]"
Add component (AddParameter): Name = "Manufacturer"; Value = "Generic Components"; VariantName = "[No Variations]"
Add component (AddParameter): Name = "Published"; Value = "08/06/2000"; VariantName = "[No Variations]"
Add component (AddParameter): Name = "Publisher"; Value = "Altium Hobart Technology Centre"; VariantName = "[No Variations]"
Added Component: Designator=R15(RES-SMD-0603)
Add component (AddParameter): Name = "Class"; Value = "Passive"; VariantName = "[No Variations]"
Add component (AddParameter): Name = "Manufacturer"; Value = "Generic Components"; VariantName = "[No Variations]"
Add component (AddParameter): Name = "Published"; Value = "08/06/2000"; VariantName = "[No Variations]"
Add component (AddParameter): Name = "Publisher"; Value = "Altium Hobart Technology Centre"; VariantName = "[No Variations]"
Added Component: Designator=R16(RES-SMD-0603)
Add component (AddParameter): Name = "Class"; Value = "Passive"; VariantName = "[No Variations]"
Add component (AddParameter): Name = "Manufacturer"; Value = "Generic Components"; VariantName = "[No Variations]"
Add component (AddParameter): Name = "Published"; Value = "08/06/2000"; VariantName = "[No Variations]"
Add component (AddParameter): Name = "Publisher"; Value = "Altium Hobart Technology Centre"; VariantName = "[No Variations]"
Added Component: Designator=R17(RES-SMD-0603)
Add component (AddParameter): Name = "Class"; Value = "Passive"; VariantName = "[No Variations]"
Add component (AddParameter): Name = "Manufacturer"; Value = "Generic Components"; VariantName = "[No Variations]"
Add component (AddParameter): Name = "Published"; Value = "08/06/2000"; VariantName = "[No Variations]"
Add component (AddParameter): Name = "Publisher"; Value = "Altium Hobart Technology Centre"; VariantName = "[No Variations]"
Added Component: Designator=R18(RES-SMD-0603)
Add component (AddParameter): Name = "Class"; Value = "Passive"; VariantName = "[No Variations]"
Add component (AddParameter): Name = "Manufacturer"; Value = "Generic Components"; VariantName = "[No Variations]"
Add component (AddParameter): Name = "Published"; Value = "08/06/2000"; VariantName = "[No Variations]"
Add component (AddParameter): Name = "Publisher"; Value = "Altium Hobart Technology Centre"; VariantName = "[No Variations]"
Added Component: Designator=R19(RES-SMD-0603)
Add component (AddParameter): Name = "Class"; Value = "Passive"; VariantName = "[No Variations]"
Add component (AddParameter): Name = "Manufacturer"; Value = "Generic Components"; VariantName = "[No Variations]"
Add component (AddParameter): Name = "Published"; Value = "08/06/2000"; VariantName = "[No Variations]"
Add component (AddParameter): Name = "Publisher"; Value = "Altium Hobart Technology Centre"; VariantName = "[No Variations]"
Added Component: Designator=R20(RES-SMD-0603)
Add component (AddParameter): Name = "Class"; Value = "Passive"; VariantName = "[No Variations]"
Add component (AddParameter): Name = "Manufacturer"; Value = "Generic Components"; VariantName = "[No Variations]"
Add component (AddParameter): Name = "Published"; Value = "08/06/2000"; VariantName = "[No Variations]"
Add component (AddParameter): Name = "Publisher"; Value = "Altium Hobart Technology Centre"; VariantName = "[No Variations]"
Added Component: Designator=R21(RES-SMD-0603)
Add component (AddParameter): Name = "Class"; Value = "Passive"; VariantName = "[No Variations]"
Add component (AddParameter): Name = "Manufacturer"; Value = "Generic Components"; VariantName = "[No Variations]"
Add component (AddParameter): Name = "Published"; Value = "08/06/2000"; VariantName = "[No Variations]"
Add component (AddParameter): Name = "Publisher"; Value = "Altium Hobart Technology Centre"; VariantName = "[No Variations]"
Added Component: Designator=R22(RES-SMD-0603)
Add component (AddParameter): Name = "Class"; Value = "Passive"; VariantName = "[No Variations]"
Add component (AddParameter): Name = "Manufacturer"; Value = "Generic Components"; VariantName = "[No Variations]"
Add component (AddParameter): Name = "Published"; Value = "08/06/2000"; VariantName = "[No Variations]"
Add component (AddParameter): Name = "Publisher"; Value = "Altium Hobart Technology Centre"; VariantName = "[No Variations]"
Added Component: Designator=R23(RES-SMD-0603)
Add component (AddParameter): Name = "Class"; Value = "Passive"; VariantName = "[No Variations]"
Add component (AddParameter): Name = "Manufacturer"; Value = "Generic Components"; VariantName = "[No Variations]"
Add component (AddParameter): Name = "Published"; Value = "08/06/2000"; VariantName = "[No Variations]"
Add component (AddParameter): Name = "Publisher"; Value = "Altium Hobart Technology Centre"; VariantName = "[No Variations]"
Added Component: Designator=R79(RES-SMD-0603)
Add component (AddParameter): Name = "Class"; Value = "Passive"; VariantName = "[No Variations]"
Add component (AddParameter): Name = "Manufacturer"; Value = "Generic Components"; VariantName = "[No Variations]"
Add component (AddParameter): Name = "Published"; Value = "08/06/2000"; VariantName = "[No Variations]"
Add component (AddParameter): Name = "Publisher"; Value = "Altium Hobart Technology Centre"; VariantName = "[No Variations]"
Added Component: Designator=R80(RES-SMD-0603)
Add component (AddParameter): Name = "Class"; Value = "Passive"; VariantName = "[No Variations]"
Add component (AddParameter): Name = "Manufacturer"; Value = "Generic Components"; VariantName = "[No Variations]"
Add component (AddParameter): Name = "Published"; Value = "08/06/2000"; VariantName = "[No Variations]"
Add component (AddParameter): Name = "Publisher"; Value = "Altium Hobart Technology Centre"; VariantName = "[No Variations]"
Added Component: Designator=TP1(TESTPOINT)
Added Component: Designator=TP2(TESTPOINT)
Added Component: Designator=TP3(TESTPOINT)
Added Component: Designator=TP4(TESTPOINT)
Added Component: Designator=TP5(TESTPOINT)
Added Component: Designator=TP6(TESTPOINT)
Added Component: Designator=TP7(TESTPOINT)
Added Component: Designator=TP8(TESTPOINT)
Added Component: Designator=TP9(TESTPOINT)
Added Component: Designator=TP10(TESTPOINT)
Added Component: Designator=TP11(TESTPOINT)
Added Component: Designator=TP12(TESTPOINT)
Added Component: Designator=TP13(TESTPOINT)
Added Component: Designator=U1(ADGS1408BCPZ)
Added Component: Designator=U2(ADGS1408BCPZ)
Added Component: Designator=U3(SSOP16)
Add component (AddParameter): Name = "Supplier 1"; Value = "Mouser"; VariantName = "[No Variations]"
Add component (AddParameter): Name = "Supplier Part Number 1"; Value = "595-OPA4340UA/2K5"; VariantName = "[No Variations]"
Added Component: Designator=U4(SOT23-5)
Added Component: Designator=U5(ADGS1408BCPZ)
Added Component: Designator=U6(ADGS1408BCPZ)
Added Component: Designator=U7(ADGS1408BCPZ)
Added Component: Designator=U8(ADGS1408BCPZ)
Added Component: Designator=U10(TSSOP16)
Add component (AddParameter): Name = "Supplier 1"; Value = "Mouser"; VariantName = "[No Variations]"
Add component (AddParameter): Name = "Supplier Part Number 1"; Value = "595-ADS8327IPW"; VariantName = "[No Variations]"
Added Component: Designator=U12(SOT223-6)
Added Pin To Net: NetName=NetC2_1 Pin=C2-1
Added Pin To Net: NetName=12V_EXP Pin=C2-2
Added Pin To Net: NetName=GND Pin=C4-1
Added Pin To Net: NetName=GND Pin=C5-1
Added Pin To Net: NetName=NetC2_1 Pin=C5-2
Added Pin To Net: NetName=12V_EXP Pin=C6-2
Added Pin To Net: NetName=GND Pin=C7-1
Added Pin To Net: NetName=12V_EXP Pin=C8-2
Added Pin To Net: NetName=GND Pin=C9-1
Added Pin To Net: NetName=GND Pin=C10-1
Added Pin To Net: NetName=12V_EXP Pin=C11-2
Added Pin To Net: NetName=GND Pin=C12-1
Added Pin To Net: NetName=12V_EXP Pin=C13-2
Added Pin To Net: NetName=NetC14_1 Pin=C14-1
Added Pin To Net: NetName=NetC14_2 Pin=C14-2
Added Pin To Net: NetName=+3.3 Pin=C15-2
Added Pin To Net: NetName=GND Pin=C16-1
Added Pin To Net: NetName=GND Pin=C17-1
Added Pin To Net: NetName=12V_EXP Pin=C18-2
Added Pin To Net: NetName=GND Pin=C19-1
Added Pin To Net: NetName=NetC19_2 Pin=C19-2
Added Pin To Net: NetName=+3.3 Pin=C20-2
Added Pin To Net: NetName=GND Pin=C21-1
Added Pin To Net: NetName=GND Pin=C22-1
Added Pin To Net: NetName=12V_EXP Pin=C23-1
Added Pin To Net: NetName=GND Pin=C23-2
Added Pin To Net: NetName=+3.3 Pin=C24-1
Added Pin To Net: NetName=GND Pin=C24-2
Added Pin To Net: NetName=GND Pin=C25-1
Added Pin To Net: NetName=GND Pin=C33-1
Added Pin To Net: NetName=12V_EXP Pin=C173-2
Added Pin To Net: NetName=+3.3 Pin=C207-2
Added Pin To Net: NetName=GND Pin=C209-1
Added Pin To Net: NetName=+3.3 Pin=C213-2
Added Pin To Net: NetName=GND Pin=C215-1
Added Pin To Net: NetName=GND Pin=C219-1
Added Pin To Net: NetName=12V_EXP Pin=D1-1
Added Pin To Net: NetName=GND Pin=D1-2
Added Pin To Net: NetName=12V_EXP Pin=D1-3
Added Pin To Net: NetName=GND Pin=D2-2
Added Pin To Net: NetName=GND Pin=D3-2
Added Pin To Net: NetName=GND Pin=D4-2
Added Pin To Net: NetName=GND Pin=D5-2
Added Pin To Net: NetName=NetDS1_1 Pin=DS1-1
Added Pin To Net: NetName=GND Pin=DS1-2
Added Pin To Net: NetName=NetDS2_1 Pin=DS2-1
Added Pin To Net: NetName=GND Pin=DS2-2
Added Pin To Net: NetName=12V_EXP Pin=J1-1
Added Pin To Net: NetName=GND Pin=J1-2
Added Pin To Net: NetName=GND Pin=J2-1
Added Pin To Net: NetName=GND Pin=PD1-1
Added Pin To Net: NetName=GND Pin=PD2-1
Added Pin To Net: NetName=GND Pin=PD3-1
Added Pin To Net: NetName=GND Pin=PD4-1
Added Pin To Net: NetName=GND Pin=PD5-1
Added Pin To Net: NetName=GND Pin=PD6-1
Added Pin To Net: NetName=GND Pin=PD7-1
Added Pin To Net: NetName=GND Pin=PD8-1
Added Pin To Net: NetName=GND Pin=PD9-1
Added Pin To Net: NetName=GND Pin=PD10-1
Added Pin To Net: NetName=GND Pin=PD11-1
Added Pin To Net: NetName=GND Pin=PD12-1
Added Pin To Net: NetName=GND Pin=PD13-1
Added Pin To Net: NetName=GND Pin=PD14-1
Added Pin To Net: NetName=GND Pin=PD15-1
Added Pin To Net: NetName=GND Pin=PD16-1
Added Pin To Net: NetName=GND Pin=PD17-1
Added Pin To Net: NetName=GND Pin=PD18-1
Added Pin To Net: NetName=GND Pin=PD19-1
Added Pin To Net: NetName=GND Pin=PD20-1
Added Pin To Net: NetName=GND Pin=PD21-1
Added Pin To Net: NetName=GND Pin=PD22-1
Added Pin To Net: NetName=GND Pin=PD23-1
Added Pin To Net: NetName=GND Pin=PD24-1
Added Pin To Net: NetName=GND Pin=PD25-1
Added Pin To Net: NetName=GND Pin=PD26-1
Added Pin To Net: NetName=GND Pin=PD27-1
Added Pin To Net: NetName=GND Pin=PD28-1
Added Pin To Net: NetName=GND Pin=PD29-1
Added Pin To Net: NetName=GND Pin=PD30-1
Added Pin To Net: NetName=GND Pin=PD31-1
Added Pin To Net: NetName=GND Pin=PD32-1
Added Pin To Net: NetName=GND Pin=PD33-1
Added Pin To Net: NetName=GND Pin=PD34-1
Added Pin To Net: NetName=GND Pin=PD35-1
Added Pin To Net: NetName=GND Pin=PD36-1
Added Pin To Net: NetName=GND Pin=PD37-1
Added Pin To Net: NetName=GND Pin=PD38-1
Added Pin To Net: NetName=GND Pin=PD39-1
Added Pin To Net: NetName=GND Pin=PD40-1
Added Pin To Net: NetName=GND Pin=PD41-1
Added Pin To Net: NetName=GND Pin=PD42-1
Added Pin To Net: NetName=GND Pin=PD43-1
Added Pin To Net: NetName=GND Pin=PD44-1
Added Pin To Net: NetName=GND Pin=PD45-1
Added Pin To Net: NetName=GND Pin=PD46-1
Added Pin To Net: NetName=GND Pin=PD47-1
Added Pin To Net: NetName=GND Pin=PD48-1
Added Pin To Net: NetName=+3.3 Pin=R3-2
Added Pin To Net: NetName=+3.3 Pin=R5-2
Added Pin To Net: NetName=NetC19_2 Pin=R6-2
Added Pin To Net: NetName=SDO_1 Pin=R7-1
Added Pin To Net: NetName=+3.3 Pin=R7-2
Added Pin To Net: NetName=NetR8_1 Pin=R8-1
Added Pin To Net: NetName=+3.3 Pin=R8-2
Added Pin To Net: NetName=SDO_2 Pin=R10-1
Added Pin To Net: NetName=+3.3 Pin=R10-2
Added Pin To Net: NetName=SDO_3 Pin=R11-1
Added Pin To Net: NetName=+3.3 Pin=R11-2
Added Pin To Net: NetName=NetC14_2 Pin=R12-1
Added Pin To Net: NetName=NetC14_1 Pin=R13-1
Added Pin To Net: NetName=GND Pin=R13-2
Added Pin To Net: NetName=SDO_4 Pin=R14-1
Added Pin To Net: NetName=+3.3 Pin=R14-2
Added Pin To Net: NetName=SDO_5 Pin=R15-1
Added Pin To Net: NetName=+3.3 Pin=R15-2
Added Pin To Net: NetName=NetR16_1 Pin=R16-1
Added Pin To Net: NetName=+3.3 Pin=R16-2
Added Pin To Net: NetName=+3.3 Pin=R17-2
Added Pin To Net: NetName=NetDS2_1 Pin=R18-1
Added Pin To Net: NetName=+3.3 Pin=R18-2
Added Pin To Net: NetName=NetDS1_1 Pin=R19-1
Added Pin To Net: NetName=12V_EXP Pin=R19-2
Added Pin To Net: NetName=+3.3 Pin=R20-2
Added Pin To Net: NetName=+3.3 Pin=R21-2
Added Pin To Net: NetName=+3.3 Pin=R22-2
Added Pin To Net: NetName=+3.3 Pin=R23-2
Added Pin To Net: NetName=GND Pin=R79-1
Added Pin To Net: NetName=GND Pin=U1-1
Added Pin To Net: NetName=GND Pin=U1-1
Added Pin To Net: NetName=GND Pin=U1-4
Added Pin To Net: NetName=12V_EXP Pin=U1-18
Added Pin To Net: NetName=SDO_1 Pin=U1-20
Added Pin To Net: NetName=GND Pin=U2-1
Added Pin To Net: NetName=GND Pin=U2-1
Added Pin To Net: NetName=GND Pin=U2-4
Added Pin To Net: NetName=12V_EXP Pin=U2-18
Added Pin To Net: NetName=SDO_2 Pin=U2-20
Added Pin To Net: NetName=SDO_1 Pin=U2-23
Added Pin To Net: NetName=+3.3 Pin=U3-4
Added Pin To Net: NetName=NetC19_2 Pin=U3-12
Added Pin To Net: NetName=GND Pin=U3-13
Added Pin To Net: NetName=GND Pin=U4-2
Added Pin To Net: NetName=+3.3 Pin=U4-3
Added Pin To Net: NetName=+3.3 Pin=U4-4
Added Pin To Net: NetName=GND Pin=U5-1
Added Pin To Net: NetName=GND Pin=U5-1
Added Pin To Net: NetName=GND Pin=U5-4
Added Pin To Net: NetName=NetR8_1 Pin=U5-14
Added Pin To Net: NetName=12V_EXP Pin=U5-18
Added Pin To Net: NetName=SDO_3 Pin=U5-20
Added Pin To Net: NetName=SDO_2 Pin=U5-23
Added Pin To Net: NetName=GND Pin=U6-1
Added Pin To Net: NetName=GND Pin=U6-1
Added Pin To Net: NetName=GND Pin=U6-4
Added Pin To Net: NetName=NetR16_1 Pin=U6-14
Added Pin To Net: NetName=12V_EXP Pin=U6-18
Added Pin To Net: NetName=SDO_4 Pin=U6-20
Added Pin To Net: NetName=SDO_3 Pin=U6-23
Added Pin To Net: NetName=GND Pin=U7-1
Added Pin To Net: NetName=GND Pin=U7-1
Added Pin To Net: NetName=GND Pin=U7-4
Added Pin To Net: NetName=12V_EXP Pin=U7-18
Added Pin To Net: NetName=SDO_5 Pin=U7-20
Added Pin To Net: NetName=SDO_4 Pin=U7-23
Added Pin To Net: NetName=GND Pin=U8-1
Added Pin To Net: NetName=GND Pin=U8-1
Added Pin To Net: NetName=GND Pin=U8-4
Added Pin To Net: NetName=12V_EXP Pin=U8-18
Added Pin To Net: NetName=SDO_5 Pin=U8-23
Added Pin To Net: NetName=+3.3 Pin=U10-1
Added Pin To Net: NetName=NetC14_2 Pin=U10-3
Added Pin To Net: NetName=NetC14_1 Pin=U10-4
Added Pin To Net: NetName=GND Pin=U10-5
Added Pin To Net: NetName=GND Pin=U10-6
Added Pin To Net: NetName=GND Pin=U10-14
Added Pin To Net: NetName=+3.3 Pin=U10-16
Added Pin To Net: NetName=12V_EXP Pin=U12-1
Added Pin To Net: NetName=12V_EXP Pin=U12-2
Added Pin To Net: NetName=GND Pin=U12-3
Added Pin To Net: NetName=+3.3 Pin=U12-4
Added Pin To Net: NetName=+3.3 Pin=U12-5
Added Pin To Net: NetName=GND Pin=U12-6
Added Pin To Net: NetName=ADC_CONVST Pin=D4-3
Added Pin To Net: NetName=ADC_CONVST Pin=J1-8
Added Pin To Net: NetName=ADC_CONVST Pin=R22-1
Added Pin To Net: NetName=ADC_CONVST Pin=TP12-1
Added Pin To Net: NetName=ADC_CONVST Pin=U10-9
Added Net: Name=ADC_CONVST
Added Pin To Net: NetName=ADC_CS Pin=D4-1
Added Pin To Net: NetName=ADC_CS Pin=J1-7
Added Pin To Net: NetName=ADC_CS Pin=R17-1
Added Pin To Net: NetName=ADC_CS Pin=TP11-1
Added Pin To Net: NetName=ADC_CS Pin=U10-11
Added Net: Name=ADC_CS
Added Pin To Net: NetName=ADC_EOC Pin=D5-1
Added Pin To Net: NetName=ADC_EOC Pin=D5-3
Added Pin To Net: NetName=ADC_EOC Pin=J1-9
Added Pin To Net: NetName=ADC_EOC Pin=R23-1
Added Pin To Net: NetName=ADC_EOC Pin=U10-10
Added Net: Name=ADC_EOC
Added Pin To Net: NetName=ADC_IN Pin=C3-1
Added Pin To Net: NetName=ADC_IN Pin=R12-2
Added Pin To Net: NetName=ADC_IN Pin=TP3-1
Added Pin To Net: NetName=ADC_IN Pin=U3-6
Added Pin To Net: NetName=ADC_IN Pin=U3-7
Added Net: Name=ADC_IN
Added Pin To Net: NetName=MISO_PD Pin=D3-1
Added Pin To Net: NetName=MISO_PD Pin=J1-5
Added Pin To Net: NetName=MISO_PD Pin=TP9-1
Added Pin To Net: NetName=MISO_PD Pin=U10-13
Added Net: Name=MISO_PD
Added Pin To Net: NetName=MOSI_PD Pin=D2-1
Added Pin To Net: NetName=MOSI_PD Pin=J1-4
Added Pin To Net: NetName=MOSI_PD Pin=TP8-1
Added Pin To Net: NetName=MOSI_PD Pin=U1-23
Added Pin To Net: NetName=MOSI_PD Pin=U10-12
Added Net: Name=MOSI_PD
Added Pin To Net: NetName=NetC1_2 Pin=C1-2
Added Pin To Net: NetName=NetC1_2 Pin=R1-2
Added Pin To Net: NetName=NetC1_2 Pin=R9-1
Added Pin To Net: NetName=NetC1_2 Pin=U3-1
Added Net: Name=NetC1_2
Added Pin To Net: NetName=NetC3_2 Pin=C3-2
Added Pin To Net: NetName=NetC3_2 Pin=R2-1
Added Pin To Net: NetName=NetC3_2 Pin=R4-2
Added Net: Name=NetC3_2
Added Pin To Net: NetName=NetC4_2 Pin=C4-2
Added Pin To Net: NetName=NetC4_2 Pin=R2-2
Added Pin To Net: NetName=NetC4_2 Pin=U3-5
Added Net: Name=NetC4_2
Added Pin To Net: NetName=NetC6_1 Pin=C6-1
Added Pin To Net: NetName=NetC6_1 Pin=C7-2
Added Net: Name=NetC6_1
Added Pin To Net: NetName=NetC8_1 Pin=C8-1
Added Pin To Net: NetName=NetC8_1 Pin=C10-2
Added Net: Name=NetC8_1
Added Pin To Net: NetName=NetC9_2 Pin=C9-2
Added Pin To Net: NetName=NetC9_2 Pin=R6-1
Added Pin To Net: NetName=NetC9_2 Pin=R9-2
Added Pin To Net: NetName=NetC9_2 Pin=TP2-1
Added Net: Name=NetC9_2
Added Pin To Net: NetName=NetC11_1 Pin=C11-1
Added Pin To Net: NetName=NetC11_1 Pin=C12-2
Added Net: Name=NetC11_1
Added Pin To Net: NetName=NetC13_1 Pin=C13-1
Added Pin To Net: NetName=NetC13_1 Pin=C17-2
Added Net: Name=NetC13_1
Added Pin To Net: NetName=NetC15_1 Pin=C15-1
Added Pin To Net: NetName=NetC15_1 Pin=C16-2
Added Net: Name=NetC15_1
Added Pin To Net: NetName=NetC18_1 Pin=C18-1
Added Pin To Net: NetName=NetC18_1 Pin=C25-2
Added Net: Name=NetC18_1
Added Pin To Net: NetName=NetC20_1 Pin=C20-1
Added Pin To Net: NetName=NetC20_1 Pin=C21-2
Added Net: Name=NetC20_1
Added Pin To Net: NetName=NetC173_1 Pin=C173-1
Added Pin To Net: NetName=NetC173_1 Pin=C219-2
Added Net: Name=NetC173_1
Added Pin To Net: NetName=NetC207_1 Pin=C207-1
Added Pin To Net: NetName=NetC207_1 Pin=C209-2
Added Net: Name=NetC207_1
Added Pin To Net: NetName=NetC213_1 Pin=C213-1
Added Pin To Net: NetName=NetC213_1 Pin=C215-2
Added Net: Name=NetC213_1
Added Pin To Net: NetName=NetJ2_3 Pin=J2-3
Added Pin To Net: NetName=NetJ2_3 Pin=R79-2
Added Pin To Net: NetName=NetJ2_3 Pin=R80-2
Added Net: Name=NetJ2_3
Added Pin To Net: NetName=NetPD1_2 Pin=PD1-2
Added Pin To Net: NetName=NetPD1_2 Pin=PD1-2
Added Pin To Net: NetName=NetPD1_2 Pin=PD1-2
Added Pin To Net: NetName=NetPD1_2 Pin=TP1-1
Added Pin To Net: NetName=NetPD1_2 Pin=U1-2
Added Net: Name=NetPD1_2
Added Pin To Net: NetName=NetPD2_2 Pin=PD2-2
Added Pin To Net: NetName=NetPD2_2 Pin=PD2-2
Added Pin To Net: NetName=NetPD2_2 Pin=PD2-2
Added Pin To Net: NetName=NetPD2_2 Pin=U1-3
Added Net: Name=NetPD2_2
Added Pin To Net: NetName=NetPD3_2 Pin=PD3-2
Added Pin To Net: NetName=NetPD3_2 Pin=PD3-2
Added Pin To Net: NetName=NetPD3_2 Pin=PD3-2
Added Pin To Net: NetName=NetPD3_2 Pin=U1-5
Added Net: Name=NetPD3_2
Added Pin To Net: NetName=NetPD4_2 Pin=PD4-2
Added Pin To Net: NetName=NetPD4_2 Pin=PD4-2
Added Pin To Net: NetName=NetPD4_2 Pin=PD4-2
Added Pin To Net: NetName=NetPD4_2 Pin=U1-7
Added Net: Name=NetPD4_2
Added Pin To Net: NetName=NetPD5_2 Pin=PD5-2
Added Pin To Net: NetName=NetPD5_2 Pin=PD5-2
Added Pin To Net: NetName=NetPD5_2 Pin=PD5-2
Added Pin To Net: NetName=NetPD5_2 Pin=U1-17
Added Net: Name=NetPD5_2
Added Pin To Net: NetName=NetPD6_2 Pin=PD6-2
Added Pin To Net: NetName=NetPD6_2 Pin=PD6-2
Added Pin To Net: NetName=NetPD6_2 Pin=PD6-2
Added Pin To Net: NetName=NetPD6_2 Pin=U1-15
Added Net: Name=NetPD6_2
Added Pin To Net: NetName=NetPD7_2 Pin=PD7-2
Added Pin To Net: NetName=NetPD7_2 Pin=PD7-2
Added Pin To Net: NetName=NetPD7_2 Pin=PD7-2
Added Pin To Net: NetName=NetPD7_2 Pin=U1-13
Added Net: Name=NetPD7_2
Added Pin To Net: NetName=NetPD8_2 Pin=PD8-2
Added Pin To Net: NetName=NetPD8_2 Pin=PD8-2
Added Pin To Net: NetName=NetPD8_2 Pin=PD8-2
Added Pin To Net: NetName=NetPD8_2 Pin=U1-12
Added Net: Name=NetPD8_2
Added Pin To Net: NetName=NetPD9_2 Pin=PD9-2
Added Pin To Net: NetName=NetPD9_2 Pin=PD9-2
Added Pin To Net: NetName=NetPD9_2 Pin=PD9-2
Added Pin To Net: NetName=NetPD9_2 Pin=U2-2
Added Net: Name=NetPD9_2
Added Pin To Net: NetName=NetPD10_2 Pin=PD10-2
Added Pin To Net: NetName=NetPD10_2 Pin=PD10-2
Added Pin To Net: NetName=NetPD10_2 Pin=PD10-2
Added Pin To Net: NetName=NetPD10_2 Pin=U2-3
Added Net: Name=NetPD10_2
Added Pin To Net: NetName=NetPD11_2 Pin=PD11-2
Added Pin To Net: NetName=NetPD11_2 Pin=PD11-2
Added Pin To Net: NetName=NetPD11_2 Pin=PD11-2
Added Pin To Net: NetName=NetPD11_2 Pin=U2-5
Added Net: Name=NetPD11_2
Added Pin To Net: NetName=NetPD12_2 Pin=PD12-2
Added Pin To Net: NetName=NetPD12_2 Pin=PD12-2
Added Pin To Net: NetName=NetPD12_2 Pin=PD12-2
Added Pin To Net: NetName=NetPD12_2 Pin=U2-7
Added Net: Name=NetPD12_2
Added Pin To Net: NetName=NetPD13_2 Pin=PD13-2
Added Pin To Net: NetName=NetPD13_2 Pin=PD13-2
Added Pin To Net: NetName=NetPD13_2 Pin=PD13-2
Added Pin To Net: NetName=NetPD13_2 Pin=U2-17
Added Net: Name=NetPD13_2
Added Pin To Net: NetName=NetPD14_2 Pin=PD14-2
Added Pin To Net: NetName=NetPD14_2 Pin=PD14-2
Added Pin To Net: NetName=NetPD14_2 Pin=PD14-2
Added Pin To Net: NetName=NetPD14_2 Pin=U2-15
Added Net: Name=NetPD14_2
Added Pin To Net: NetName=NetPD15_2 Pin=PD15-2
Added Pin To Net: NetName=NetPD15_2 Pin=PD15-2
Added Pin To Net: NetName=NetPD15_2 Pin=PD15-2
Added Pin To Net: NetName=NetPD15_2 Pin=U2-13
Added Net: Name=NetPD15_2
Added Pin To Net: NetName=NetPD16_2 Pin=PD16-2
Added Pin To Net: NetName=NetPD16_2 Pin=PD16-2
Added Pin To Net: NetName=NetPD16_2 Pin=PD16-2
Added Pin To Net: NetName=NetPD16_2 Pin=U2-12
Added Net: Name=NetPD16_2
Added Pin To Net: NetName=NetPD17_2 Pin=PD17-2
Added Pin To Net: NetName=NetPD17_2 Pin=PD17-2
Added Pin To Net: NetName=NetPD17_2 Pin=PD17-2
Added Pin To Net: NetName=NetPD17_2 Pin=U5-2
Added Net: Name=NetPD17_2
Added Pin To Net: NetName=NetPD18_2 Pin=PD18-2
Added Pin To Net: NetName=NetPD18_2 Pin=PD18-2
Added Pin To Net: NetName=NetPD18_2 Pin=PD18-2
Added Pin To Net: NetName=NetPD18_2 Pin=U5-3
Added Net: Name=NetPD18_2
Added Pin To Net: NetName=NetPD19_2 Pin=PD19-2
Added Pin To Net: NetName=NetPD19_2 Pin=PD19-2
Added Pin To Net: NetName=NetPD19_2 Pin=PD19-2
Added Pin To Net: NetName=NetPD19_2 Pin=U5-5
Added Net: Name=NetPD19_2
Added Pin To Net: NetName=NetPD20_2 Pin=PD20-2
Added Pin To Net: NetName=NetPD20_2 Pin=PD20-2
Added Pin To Net: NetName=NetPD20_2 Pin=PD20-2
Added Pin To Net: NetName=NetPD20_2 Pin=U5-7
Added Net: Name=NetPD20_2
Added Pin To Net: NetName=NetPD21_2 Pin=PD21-2
Added Pin To Net: NetName=NetPD21_2 Pin=PD21-2
Added Pin To Net: NetName=NetPD21_2 Pin=PD21-2
Added Pin To Net: NetName=NetPD21_2 Pin=U5-17
Added Net: Name=NetPD21_2
Added Pin To Net: NetName=NetPD22_2 Pin=PD22-2
Added Pin To Net: NetName=NetPD22_2 Pin=PD22-2
Added Pin To Net: NetName=NetPD22_2 Pin=PD22-2
Added Pin To Net: NetName=NetPD22_2 Pin=U5-15
Added Net: Name=NetPD22_2
Added Pin To Net: NetName=NetPD23_2 Pin=PD23-2
Added Pin To Net: NetName=NetPD23_2 Pin=PD23-2
Added Pin To Net: NetName=NetPD23_2 Pin=PD23-2
Added Pin To Net: NetName=NetPD23_2 Pin=U5-13
Added Net: Name=NetPD23_2
Added Pin To Net: NetName=NetPD24_2 Pin=PD24-2
Added Pin To Net: NetName=NetPD24_2 Pin=PD24-2
Added Pin To Net: NetName=NetPD24_2 Pin=PD24-2
Added Pin To Net: NetName=NetPD24_2 Pin=U5-12
Added Net: Name=NetPD24_2
Added Pin To Net: NetName=NetPD25_2 Pin=PD25-2
Added Pin To Net: NetName=NetPD25_2 Pin=PD25-2
Added Pin To Net: NetName=NetPD25_2 Pin=PD25-2
Added Pin To Net: NetName=NetPD25_2 Pin=U6-2
Added Net: Name=NetPD25_2
Added Pin To Net: NetName=NetPD26_2 Pin=PD26-2
Added Pin To Net: NetName=NetPD26_2 Pin=PD26-2
Added Pin To Net: NetName=NetPD26_2 Pin=PD26-2
Added Pin To Net: NetName=NetPD26_2 Pin=U6-3
Added Net: Name=NetPD26_2
Added Pin To Net: NetName=NetPD27_2 Pin=PD27-2
Added Pin To Net: NetName=NetPD27_2 Pin=PD27-2
Added Pin To Net: NetName=NetPD27_2 Pin=PD27-2
Added Pin To Net: NetName=NetPD27_2 Pin=U6-5
Added Net: Name=NetPD27_2
Added Pin To Net: NetName=NetPD28_2 Pin=PD28-2
Added Pin To Net: NetName=NetPD28_2 Pin=PD28-2
Added Pin To Net: NetName=NetPD28_2 Pin=PD28-2
Added Pin To Net: NetName=NetPD28_2 Pin=U6-7
Added Net: Name=NetPD28_2
Added Pin To Net: NetName=NetPD29_2 Pin=PD29-2
Added Pin To Net: NetName=NetPD29_2 Pin=PD29-2
Added Pin To Net: NetName=NetPD29_2 Pin=PD29-2
Added Pin To Net: NetName=NetPD29_2 Pin=U6-17
Added Net: Name=NetPD29_2
Added Pin To Net: NetName=NetPD30_2 Pin=PD30-2
Added Pin To Net: NetName=NetPD30_2 Pin=PD30-2
Added Pin To Net: NetName=NetPD30_2 Pin=PD30-2
Added Pin To Net: NetName=NetPD30_2 Pin=U6-15
Added Net: Name=NetPD30_2
Added Pin To Net: NetName=NetPD31_2 Pin=PD31-2
Added Pin To Net: NetName=NetPD31_2 Pin=PD31-2
Added Pin To Net: NetName=NetPD31_2 Pin=PD31-2
Added Pin To Net: NetName=NetPD31_2 Pin=U6-13
Added Net: Name=NetPD31_2
Added Pin To Net: NetName=NetPD32_2 Pin=PD32-2
Added Pin To Net: NetName=NetPD32_2 Pin=PD32-2
Added Pin To Net: NetName=NetPD32_2 Pin=PD32-2
Added Pin To Net: NetName=NetPD32_2 Pin=U6-12
Added Net: Name=NetPD32_2
Added Pin To Net: NetName=NetPD33_2 Pin=PD33-2
Added Pin To Net: NetName=NetPD33_2 Pin=PD33-2
Added Pin To Net: NetName=NetPD33_2 Pin=PD33-2
Added Pin To Net: NetName=NetPD33_2 Pin=U7-2
Added Net: Name=NetPD33_2
Added Pin To Net: NetName=NetPD34_2 Pin=PD34-2
Added Pin To Net: NetName=NetPD34_2 Pin=PD34-2
Added Pin To Net: NetName=NetPD34_2 Pin=PD34-2
Added Pin To Net: NetName=NetPD34_2 Pin=U7-3
Added Net: Name=NetPD34_2
Added Pin To Net: NetName=NetPD35_2 Pin=PD35-2
Added Pin To Net: NetName=NetPD35_2 Pin=PD35-2
Added Pin To Net: NetName=NetPD35_2 Pin=PD35-2
Added Pin To Net: NetName=NetPD35_2 Pin=U7-5
Added Net: Name=NetPD35_2
Added Pin To Net: NetName=NetPD36_2 Pin=PD36-2
Added Pin To Net: NetName=NetPD36_2 Pin=PD36-2
Added Pin To Net: NetName=NetPD36_2 Pin=PD36-2
Added Pin To Net: NetName=NetPD36_2 Pin=U7-7
Added Net: Name=NetPD36_2
Added Pin To Net: NetName=NetPD37_2 Pin=PD37-2
Added Pin To Net: NetName=NetPD37_2 Pin=PD37-2
Added Pin To Net: NetName=NetPD37_2 Pin=PD37-2
Added Pin To Net: NetName=NetPD37_2 Pin=U7-17
Added Net: Name=NetPD37_2
Added Pin To Net: NetName=NetPD38_2 Pin=PD38-2
Added Pin To Net: NetName=NetPD38_2 Pin=PD38-2
Added Pin To Net: NetName=NetPD38_2 Pin=PD38-2
Added Pin To Net: NetName=NetPD38_2 Pin=U7-15
Added Net: Name=NetPD38_2
Added Pin To Net: NetName=NetPD39_2 Pin=PD39-2
Added Pin To Net: NetName=NetPD39_2 Pin=PD39-2
Added Pin To Net: NetName=NetPD39_2 Pin=PD39-2
Added Pin To Net: NetName=NetPD39_2 Pin=U7-13
Added Net: Name=NetPD39_2
Added Pin To Net: NetName=NetPD40_2 Pin=PD40-2
Added Pin To Net: NetName=NetPD40_2 Pin=PD40-2
Added Pin To Net: NetName=NetPD40_2 Pin=PD40-2
Added Pin To Net: NetName=NetPD40_2 Pin=U7-12
Added Net: Name=NetPD40_2
Added Pin To Net: NetName=NetPD41_2 Pin=PD41-2
Added Pin To Net: NetName=NetPD41_2 Pin=PD41-2
Added Pin To Net: NetName=NetPD41_2 Pin=PD41-2
Added Pin To Net: NetName=NetPD41_2 Pin=U8-2
Added Net: Name=NetPD41_2
Added Pin To Net: NetName=NetPD42_2 Pin=PD42-2
Added Pin To Net: NetName=NetPD42_2 Pin=PD42-2
Added Pin To Net: NetName=NetPD42_2 Pin=PD42-2
Added Pin To Net: NetName=NetPD42_2 Pin=U8-3
Added Net: Name=NetPD42_2
Added Pin To Net: NetName=NetPD43_2 Pin=PD43-2
Added Pin To Net: NetName=NetPD43_2 Pin=PD43-2
Added Pin To Net: NetName=NetPD43_2 Pin=PD43-2
Added Pin To Net: NetName=NetPD43_2 Pin=U8-5
Added Net: Name=NetPD43_2
Added Pin To Net: NetName=NetPD44_2 Pin=PD44-2
Added Pin To Net: NetName=NetPD44_2 Pin=PD44-2
Added Pin To Net: NetName=NetPD44_2 Pin=PD44-2
Added Pin To Net: NetName=NetPD44_2 Pin=U8-7
Added Net: Name=NetPD44_2
Added Pin To Net: NetName=NetPD45_2 Pin=PD45-2
Added Pin To Net: NetName=NetPD45_2 Pin=PD45-2
Added Pin To Net: NetName=NetPD45_2 Pin=PD45-2
Added Pin To Net: NetName=NetPD45_2 Pin=U8-17
Added Net: Name=NetPD45_2
Added Pin To Net: NetName=NetPD46_2 Pin=PD46-2
Added Pin To Net: NetName=NetPD46_2 Pin=PD46-2
Added Pin To Net: NetName=NetPD46_2 Pin=PD46-2
Added Pin To Net: NetName=NetPD46_2 Pin=U8-15
Added Net: Name=NetPD46_2
Added Pin To Net: NetName=NetPD47_2 Pin=PD47-2
Added Pin To Net: NetName=NetPD47_2 Pin=PD47-2
Added Pin To Net: NetName=NetPD47_2 Pin=PD47-2
Added Pin To Net: NetName=NetPD47_2 Pin=U8-13
Added Net: Name=NetPD47_2
Added Pin To Net: NetName=NetPD48_2 Pin=PD48-2
Added Pin To Net: NetName=NetPD48_2 Pin=PD48-2
Added Pin To Net: NetName=NetPD48_2 Pin=PD48-2
Added Pin To Net: NetName=NetPD48_2 Pin=U8-12
Added Net: Name=NetPD48_2
Added Pin To Net: NetName=NetR3_1 Pin=R3-1
Added Pin To Net: NetName=NetR3_1 Pin=U1-14
Added Net: Name=NetR3_1
Added Pin To Net: NetName=NetR4_1 Pin=R4-1
Added Pin To Net: NetName=NetR4_1 Pin=U3-10
Added Pin To Net: NetName=NetR4_1 Pin=U3-11
Added Net: Name=NetR4_1
Added Pin To Net: NetName=NetR5_1 Pin=R5-1
Added Pin To Net: NetName=NetR5_1 Pin=U2-14
Added Net: Name=NetR5_1
Added Pin To Net: NetName=NetR20_1 Pin=R20-1
Added Pin To Net: NetName=NetR20_1 Pin=U7-14
Added Net: Name=NetR20_1
Added Pin To Net: NetName=NetR21_1 Pin=R21-1
Added Pin To Net: NetName=NetR21_1 Pin=U8-14
Added Net: Name=NetR21_1
Added Pin To Net: NetName=PHOTODIODE Pin=C1-1
Added Pin To Net: NetName=PHOTODIODE Pin=R1-1
Added Pin To Net: NetName=PHOTODIODE Pin=TP4-1
Added Pin To Net: NetName=PHOTODIODE Pin=TP5-1
Added Pin To Net: NetName=PHOTODIODE Pin=U1-10
Added Pin To Net: NetName=PHOTODIODE Pin=U2-10
Added Pin To Net: NetName=PHOTODIODE Pin=U3-2
Added Pin To Net: NetName=PHOTODIODE Pin=U5-10
Added Pin To Net: NetName=PHOTODIODE Pin=U6-10
Added Pin To Net: NetName=PHOTODIODE Pin=U7-10
Added Pin To Net: NetName=PHOTODIODE Pin=U8-10
Added Net: Name=PHOTODIODE
Added Pin To Net: NetName=SCK_PD Pin=D2-3
Added Pin To Net: NetName=SCK_PD Pin=J1-3
Added Pin To Net: NetName=SCK_PD Pin=TP7-1
Added Pin To Net: NetName=SCK_PD Pin=U1-22
Added Pin To Net: NetName=SCK_PD Pin=U2-22
Added Pin To Net: NetName=SCK_PD Pin=U5-22
Added Pin To Net: NetName=SCK_PD Pin=U6-22
Added Pin To Net: NetName=SCK_PD Pin=U7-22
Added Pin To Net: NetName=SCK_PD Pin=U8-22
Added Pin To Net: NetName=SCK_PD Pin=U10-15
Added Net: Name=SCK_PD
Added Pin To Net: NetName=SW_CS Pin=D3-3
Added Pin To Net: NetName=SW_CS Pin=J1-6
Added Pin To Net: NetName=SW_CS Pin=TP10-1
Added Pin To Net: NetName=SW_CS Pin=U1-21
Added Pin To Net: NetName=SW_CS Pin=U2-21
Added Pin To Net: NetName=SW_CS Pin=U5-21
Added Pin To Net: NetName=SW_CS Pin=U6-21
Added Pin To Net: NetName=SW_CS Pin=U7-21
Added Pin To Net: NetName=SW_CS Pin=U8-21
Added Net: Name=SW_CS
Added Pin To Net: NetName=VREF_ADC Pin=C22-2
Added Pin To Net: NetName=VREF_ADC Pin=R80-1
Added Pin To Net: NetName=VREF_ADC Pin=TP13-1
Added Pin To Net: NetName=VREF_ADC Pin=U4-5
Added Pin To Net: NetName=VREF_ADC Pin=U10-7
Added Net: Name=VREF_ADC
Added Pin To Net: NetName=VREF_PD Pin=C33-2
Added Pin To Net: NetName=VREF_PD Pin=J2-2
Added Pin To Net: NetName=VREF_PD Pin=TP6-1
Added Pin To Net: NetName=VREF_PD Pin=U3-3
Added Net: Name=VREF_PD
Added Class: Name=PHOTODIODE
Added Member To Class: ClassName=COMMUNICATION Member=Component C14 470pF/25V
Added Member To Class: ClassName=COMMUNICATION Member=Component C15 0.1uF/25V
Added Member To Class: ClassName=COMMUNICATION Member=Component C16 0.1uF/25V
Added Member To Class: ClassName=COMMUNICATION Member=Component C22 0.1uF/25V
Added Member To Class: ClassName=LDO Member=Component C23 100uF 16V
Added Member To Class: ClassName=LDO Member=Component C24 100uF 16V
Added Member To Class: ClassName=LDO Member=Component C173 0.22uF/25V
Added Member To Class: ClassName=LDO Member=Component C213 0.22uF/25V
Added Member To Class: ClassName=LDO Member=Component C215 0.22uF/25V
Added Member To Class: ClassName=LDO Member=Component C219 0.22uF/25V
Added Member To Class: ClassName=COMMUNICATION Member=Component D1 S2312
Added Member To Class: ClassName=COMMUNICATION Member=Component D2 S2305
Added Member To Class: ClassName=COMMUNICATION Member=Component D3 S2305
Added Member To Class: ClassName=COMMUNICATION Member=Component D4 S2305
Added Member To Class: ClassName=COMMUNICATION Member=Component D5 S2305
Added Member To Class: ClassName=LDO Member=Component DS1 12V
Added Member To Class: ClassName=LDO Member=Component DS2 3.3V
Added Member To Class: ClassName=COMMUNICATION Member=Component J1 0532610971
Added Member To Class: ClassName=COMMUNICATION Member=Component R12 22R 1%
Added Member To Class: ClassName=COMMUNICATION Member=Component R13 22R 1%
Added Member To Class: ClassName=COMMUNICATION Member=Component R17 4.7K 1%
Added Member To Class: ClassName=LDO Member=Component R18 1K 1%
Added Member To Class: ClassName=LDO Member=Component R19 10K 1%
Added Member To Class: ClassName=COMMUNICATION Member=Component R22 4.7K 1%
Added Member To Class: ClassName=COMMUNICATION Member=Component R23 4.7K 1%
Added Member To Class: ClassName=COMMUNICATION Member=Component TP7 Test_Point
Added Member To Class: ClassName=COMMUNICATION Member=Component TP8 Test_Point
Added Member To Class: ClassName=COMMUNICATION Member=Component TP9 Test_Point
Added Member To Class: ClassName=COMMUNICATION Member=Component TP10 Test_Point
Added Member To Class: ClassName=COMMUNICATION Member=Component TP11 Test_Point
Added Member To Class: ClassName=COMMUNICATION Member=Component TP12 Test_Point
Added Member To Class: ClassName=COMMUNICATION Member=Component TP13 Test_Point
Added Member To Class: ClassName=COMMUNICATION Member=Component U10 ADS8327
Added Member To Class: ClassName=LDO Member=Component U12 TPS7A4533DCQR
