Removed Pin From Net: NetName=GND Pin=DS1-2
Removed Pin From Net: NetName=GND Pin=DS2-2
Removed Pin From Net: NetName=GND Pin=PD37-1
Removed Pin From Net: NetName=GND Pin=PD38-1
Removed Pin From Net: NetName=GND Pin=PD39-1
Removed Pin From Net: NetName=GND Pin=PD40-1
Removed Pin From Net: NetName=GND Pin=PD41-1
Removed Pin From Net: NetName=GND Pin=PD42-1
Removed Pin From Net: NetName=12V_EXP Pin=R19-2
Removed Pin From Net: NetName=+3.3 Pin=R20-2
Removed Pin From Net: NetName=+3.3 Pin=R21-2
Removed Pin From Net: NetName=NetPD2_2 Pin=U1-3
Removed Pin From Net: NetName=GND Pin=U1-4
Removed Pin From Net: NetName=NetPD3_2 Pin=U1-5
Removed Pin From Net: NetName=NetPD4_2 Pin=U1-7
Removed Pin From Net: NetName=NetPD7_2 Pin=U1-13
Removed Pin From Net: NetName=NetR3_1 Pin=U1-14
Removed Pin From Net: NetName=NetPD6_2 Pin=U1-15
Removed Pin From Net: NetName=NetPD5_2 Pin=U1-17
Removed Pin From Net: NetName=12V_EXP Pin=U1-18
Removed Pin From Net: NetName=SDO_1 Pin=U1-20
Removed Pin From Net: NetName=MOSI_PD Pin=U1-23
Removed Pin From Net: NetName=NetPD8_2 Pin=U2-2
Removed Pin From Net: NetName=NetPD9_2 Pin=U2-3
Removed Pin From Net: NetName=GND Pin=U2-4
Removed Pin From Net: NetName=NetPD10_2 Pin=U2-5
Removed Pin From Net: NetName=NetPD11_2 Pin=U2-7
Removed Pin From Net: NetName=NetPD14_2 Pin=U2-13
Removed Pin From Net: NetName=NetR5_1 Pin=U2-14
Removed Pin From Net: NetName=NetPD13_2 Pin=U2-15
Removed Pin From Net: NetName=NetPD12_2 Pin=U2-17
Removed Pin From Net: NetName=12V_EXP Pin=U2-18
Removed Pin From Net: NetName=SDO_2 Pin=U2-20
Removed Pin From Net: NetName=SDO_1 Pin=U2-23
Removed Pin From Net: NetName=NetPD15_2 Pin=U5-2
Removed Pin From Net: NetName=NetPD16_2 Pin=U5-3
Removed Pin From Net: NetName=GND Pin=U5-4
Removed Pin From Net: NetName=NetPD17_2 Pin=U5-5
Removed Pin From Net: NetName=NetPD18_2 Pin=U5-7
Removed Pin From Net: NetName=NetPD21_2 Pin=U5-13
Removed Pin From Net: NetName=NetR8_1 Pin=U5-14
Removed Pin From Net: NetName=NetPD20_2 Pin=U5-15
Removed Pin From Net: NetName=NetPD19_2 Pin=U5-17
Removed Pin From Net: NetName=12V_EXP Pin=U5-18
Removed Pin From Net: NetName=SDO_3 Pin=U5-20
Removed Pin From Net: NetName=SDO_2 Pin=U5-23
Removed Pin From Net: NetName=NetPD22_2 Pin=U6-2
Removed Pin From Net: NetName=NetPD23_2 Pin=U6-3
Removed Pin From Net: NetName=GND Pin=U6-4
Removed Pin From Net: NetName=NetPD24_2 Pin=U6-5
Removed Pin From Net: NetName=NetPD25_2 Pin=U6-7
Removed Pin From Net: NetName=NetPD28_2 Pin=U6-13
Removed Pin From Net: NetName=NetR16_1 Pin=U6-14
Removed Pin From Net: NetName=NetPD27_2 Pin=U6-15
Removed Pin From Net: NetName=NetPD26_2 Pin=U6-17
Removed Pin From Net: NetName=12V_EXP Pin=U6-18
Removed Pin From Net: NetName=SDO_4 Pin=U6-20
Removed Pin From Net: NetName=SDO_3 Pin=U6-23
Removed Pin From Net: NetName=NetPD29_2 Pin=U7-2
Removed Pin From Net: NetName=NetPD30_2 Pin=U7-3
Removed Pin From Net: NetName=GND Pin=U7-4
Removed Pin From Net: NetName=NetPD31_2 Pin=U7-5
Removed Pin From Net: NetName=NetPD32_2 Pin=U7-7
Removed Pin From Net: NetName=NetPD35_2 Pin=U7-13
Removed Pin From Net: NetName=NetPD34_2 Pin=U7-15
Removed Pin From Net: NetName=NetPD33_2 Pin=U7-17
Removed Pin From Net: NetName=12V_EXP Pin=U7-18
Removed Pin From Net: NetName=SDO_5 Pin=U7-20
Removed Pin From Net: NetName=SDO_4 Pin=U7-23
Removed Pin From Net: NetName=NetPD36_2 Pin=U8-2
Removed Pin From Net: NetName=GND Pin=U8-4
Removed Pin From Net: NetName=12V_EXP Pin=U8-18
Removed Pin From Net: NetName=SDO_5 Pin=U8-23
Removed Member From Class: ClassName=POWER SWITCH AND LDO Member=DS1
Removed Member From Class: ClassName=POWER SWITCH AND LDO Member=DS2
Removed Member From Class: ClassName=PHOTODIODE Member=PD37
Removed Member From Class: ClassName=PHOTODIODE Member=PD38
Removed Member From Class: ClassName=PHOTODIODE Member=PD39
Removed Member From Class: ClassName=PHOTODIODE Member=PD40
Removed Member From Class: ClassName=PHOTODIODE Member=PD41
Removed Member From Class: ClassName=PHOTODIODE Member=PD42
Removed Member From Class: ClassName=POWER SWITCH AND LDO Member=R18
Removed Member From Class: ClassName=POWER SWITCH AND LDO Member=R19
Removed Member From Class: ClassName=PHOTODIODE Member=R20
Removed Member From Class: ClassName=PHOTODIODE Member=R21
Change Footprint: Cannot match pads with new footprint in component :U1 Footprint:ADG1414BCPZ
Change Footprint: Cannot match pads with new footprint in component :U2 Footprint:ADG1414BCPZ
Change Footprint: Cannot match pads with new footprint in component :U5 Footprint:ADG1414BCPZ
Change Footprint: Cannot match pads with new footprint in component :U6 Footprint:ADG1414BCPZ
Change Footprint: Cannot match pads with new footprint in component :U7 Footprint:ADG1414BCPZ
Change Footprint: Cannot match pads with new footprint in component :U8 Footprint:ADG1414BCPZ
Change Component Comment : Designator=R18 Old Comment=1K 1% New Comment=4.7K 1%
Change Component Comment : Designator=R19 Old Comment=10K 1% New Comment=4.7K 1%
Change Component Comment : Designator=U1 Old Comment=ADGS1408BCPZ New Comment=ADG1414BCPZ
Change Component Comment : Designator=U2 Old Comment=ADGS1408BCPZ New Comment=ADG1414BCPZ
Change Component Comment : Designator=U5 Old Comment=ADGS1408BCPZ New Comment=ADG1414BCPZ
Change Component Comment : Designator=U6 Old Comment=ADGS1408BCPZ New Comment=ADG1414BCPZ
Change Component Comment : Designator=U7 Old Comment=ADGS1408BCPZ New Comment=ADG1414BCPZ
Change Component Comment : Designator=U8 Old Comment=ADGS1408BCPZ New Comment=ADG1414BCPZ
Added Pin To Net: NetName=+3.3 Pin=R19-2
Added Pin To Net: NetName=PHOTODIODE Pin=U1-3
Added Pin To Net: NetName=NetPD2_2 Pin=U1-4
Added Pin To Net: NetName=PHOTODIODE Pin=U1-5
Added Pin To Net: NetName=NetPD3_2 Pin=U1-6
Added Pin To Net: NetName=PHOTODIODE Pin=U1-7
Added Pin To Net: NetName=NetPD4_2 Pin=U1-8
Added Pin To Net: NetName=PHOTODIODE Pin=U1-9
Added Pin To Net: NetName=NetPD5_2 Pin=U1-11
Added Pin To Net: NetName=PHOTODIODE Pin=U1-12
Added Pin To Net: NetName=NetPD6_2 Pin=U1-13
Added Pin To Net: NetName=GND Pin=U1-18
Added Pin To Net: NetName=SDO_1 Pin=U1-19
Added Pin To Net: NetName=NetR3_1 Pin=U1-20
Added Pin To Net: NetName=12V_EXP Pin=U1-23
Added Pin To Net: NetName=MOSI_PD Pin=U1-24
Added Pin To Net: NetName=NetPD7_2 Pin=U2-2
Added Pin To Net: NetName=PHOTODIODE Pin=U2-3
Added Pin To Net: NetName=NetPD8_2 Pin=U2-4
Added Pin To Net: NetName=PHOTODIODE Pin=U2-5
Added Pin To Net: NetName=NetPD9_2 Pin=U2-6
Added Pin To Net: NetName=PHOTODIODE Pin=U2-7
Added Pin To Net: NetName=NetPD10_2 Pin=U2-8
Added Pin To Net: NetName=PHOTODIODE Pin=U2-9
Added Pin To Net: NetName=NetPD11_2 Pin=U2-11
Added Pin To Net: NetName=PHOTODIODE Pin=U2-12
Added Pin To Net: NetName=NetPD12_2 Pin=U2-13
Added Pin To Net: NetName=GND Pin=U2-18
Added Pin To Net: NetName=SDO_2 Pin=U2-19
Added Pin To Net: NetName=NetR5_1 Pin=U2-20
Added Pin To Net: NetName=12V_EXP Pin=U2-23
Added Pin To Net: NetName=SDO_1 Pin=U2-24
Added Pin To Net: NetName=NetPD13_2 Pin=U5-2
Added Pin To Net: NetName=PHOTODIODE Pin=U5-3
Added Pin To Net: NetName=NetPD14_2 Pin=U5-4
Added Pin To Net: NetName=PHOTODIODE Pin=U5-5
Added Pin To Net: NetName=NetPD15_2 Pin=U5-6
Added Pin To Net: NetName=PHOTODIODE Pin=U5-7
Added Pin To Net: NetName=NetPD16_2 Pin=U5-8
Added Pin To Net: NetName=PHOTODIODE Pin=U5-9
Added Pin To Net: NetName=NetPD17_2 Pin=U5-11
Added Pin To Net: NetName=PHOTODIODE Pin=U5-12
Added Pin To Net: NetName=NetPD18_2 Pin=U5-13
Added Pin To Net: NetName=GND Pin=U5-18
Added Pin To Net: NetName=SDO_3 Pin=U5-19
Added Pin To Net: NetName=NetR8_1 Pin=U5-20
Added Pin To Net: NetName=12V_EXP Pin=U5-23
Added Pin To Net: NetName=SDO_2 Pin=U5-24
Added Pin To Net: NetName=NetPD19_2 Pin=U6-2
Added Pin To Net: NetName=PHOTODIODE Pin=U6-3
Added Pin To Net: NetName=NetPD20_2 Pin=U6-4
Added Pin To Net: NetName=PHOTODIODE Pin=U6-5
Added Pin To Net: NetName=NetPD21_2 Pin=U6-6
Added Pin To Net: NetName=PHOTODIODE Pin=U6-7
Added Pin To Net: NetName=NetPD22_2 Pin=U6-8
Added Pin To Net: NetName=PHOTODIODE Pin=U6-9
Added Pin To Net: NetName=NetPD23_2 Pin=U6-11
Added Pin To Net: NetName=PHOTODIODE Pin=U6-12
Added Pin To Net: NetName=NetPD24_2 Pin=U6-13
Added Pin To Net: NetName=GND Pin=U6-18
Added Pin To Net: NetName=SDO_4 Pin=U6-19
Added Pin To Net: NetName=NetR16_1 Pin=U6-20
Added Pin To Net: NetName=12V_EXP Pin=U6-23
Added Pin To Net: NetName=SDO_3 Pin=U6-24
Added Pin To Net: NetName=NetPD25_2 Pin=U7-2
Added Pin To Net: NetName=PHOTODIODE Pin=U7-3
Added Pin To Net: NetName=NetPD26_2 Pin=U7-4
Added Pin To Net: NetName=PHOTODIODE Pin=U7-5
Added Pin To Net: NetName=NetPD27_2 Pin=U7-6
Added Pin To Net: NetName=PHOTODIODE Pin=U7-7
Added Pin To Net: NetName=NetPD28_2 Pin=U7-8
Added Pin To Net: NetName=PHOTODIODE Pin=U7-9
Added Pin To Net: NetName=NetPD29_2 Pin=U7-11
Added Pin To Net: NetName=PHOTODIODE Pin=U7-12
Added Pin To Net: NetName=NetPD30_2 Pin=U7-13
Added Pin To Net: NetName=GND Pin=U7-18
Added Pin To Net: NetName=SDO_5 Pin=U7-19
Added Pin To Net: NetName=12V_EXP Pin=U7-23
Added Pin To Net: NetName=SDO_4 Pin=U7-24
Added Pin To Net: NetName=NetPD31_2 Pin=U8-2
Added Pin To Net: NetName=PHOTODIODE Pin=U8-3
Added Pin To Net: NetName=NetPD32_2 Pin=U8-4
Added Pin To Net: NetName=PHOTODIODE Pin=U8-5
Added Pin To Net: NetName=NetPD33_2 Pin=U8-6
Added Pin To Net: NetName=PHOTODIODE Pin=U8-7
Added Pin To Net: NetName=NetPD34_2 Pin=U8-8
Added Pin To Net: NetName=PHOTODIODE Pin=U8-9
Added Pin To Net: NetName=NetPD35_2 Pin=U8-11
Added Pin To Net: NetName=PHOTODIODE Pin=U8-12
Added Pin To Net: NetName=NetPD36_2 Pin=U8-13
Added Pin To Net: NetName=GND Pin=U8-18
Added Pin To Net: NetName=12V_EXP Pin=U8-23
Added Pin To Net: NetName=SDO_5 Pin=U8-24
Added Pin To Net: NetName=NetR18_1 Pin=R18-1
Added Pin To Net: NetName=NetR18_1 Pin=U7-20
Added Net: Name=NetR18_1
Added Pin To Net: NetName=NetR19_1 Pin=R19-1
Added Pin To Net: NetName=NetR19_1 Pin=U8-20
Added Net: Name=NetR19_1
Added Member To Class: ClassName=PHOTODIODE Member=Component R18 4.7K 1%
Added Member To Class: ClassName=PHOTODIODE Member=Component R19 4.7K 1%
