Removed Pin From Net: NetName=GND Pin=LED3-2
Removed Pin From Net: NetName=12V_EXP Pin=R18-2
Removed Pin From Net: NetName=+3.3 Pin=R19-2
Removed Pin From Net: NetName=ADC_CS Pin=TVS2-1
Removed Pin From Net: NetName=GND Pin=TVS2-2
Removed Pin From Net: NetName=ADC_CONVST Pin=TVS2-3
Removed Pin From Net: NetName=MISO_PD Pin=TVS3-1
Removed Pin From Net: NetName=GND Pin=TVS3-2
Removed Pin From Net: NetName=SW_CS Pin=TVS3-3
Removed Pin From Net: NetName=ADC_EOC Pin=TVS5-1
Removed Pin From Net: NetName=GND Pin=TVS5-2
Removed Pin From Net: NetName=ADC_EOC Pin=TVS5-3
Removed Member From Class: ClassName=COMMUNICATION Member=LED2
Removed Member From Class: ClassName=COMMUNICATION Member=LED3
Removed Member From Class: ClassName=COMMUNICATION Member=R18
Removed Member From Class: ClassName=COMMUNICATION Member=R19
Removed Member From Class: ClassName=COMMUNICATION Member=TVS2
Removed Member From Class: ClassName=COMMUNICATION Member=TVS3
Removed Member From Class: ClassName=COMMUNICATION Member=TVS5
Change Footprint: Cannot match pads with new footprint in component :PD1 Footprint:PS13-6B TO
Change Footprint: Cannot match pads with new footprint in component :PD2 Footprint:PS13-6B TO
Change Footprint: Cannot match pads with new footprint in component :PD3 Footprint:PS13-6B TO
Change Footprint: Cannot match pads with new footprint in component :PD4 Footprint:PS13-6B TO
Change Footprint: Cannot match pads with new footprint in component :PD5 Footprint:PS13-6B TO
Change Footprint: Cannot match pads with new footprint in component :PD6 Footprint:PS13-6B TO
Change Footprint: Cannot match pads with new footprint in component :PD7 Footprint:PS13-6B TO
Change Footprint: Cannot match pads with new footprint in component :PD8 Footprint:PS13-6B TO
Change Footprint: Cannot match pads with new footprint in component :PD9 Footprint:PS13-6B TO
Change Footprint: Cannot match pads with new footprint in component :PD10 Footprint:PS13-6B TO
Change Footprint: Cannot match pads with new footprint in component :PD11 Footprint:PS13-6B TO
Change Footprint: Cannot match pads with new footprint in component :PD12 Footprint:PS13-6B TO
Change Footprint: Cannot match pads with new footprint in component :PD13 Footprint:PS13-6B TO
Change Footprint: Cannot match pads with new footprint in component :PD14 Footprint:PS13-6B TO
Change Footprint: Cannot match pads with new footprint in component :PD15 Footprint:PS13-6B TO
Change Footprint: Cannot match pads with new footprint in component :PD16 Footprint:PS13-6B TO
Change Footprint: Cannot match pads with new footprint in component :PD17 Footprint:PS13-6B TO
Change Footprint: Cannot match pads with new footprint in component :PD18 Footprint:PS13-6B TO
Change Footprint: Cannot match pads with new footprint in component :PD19 Footprint:PS13-6B TO
Change Footprint: Cannot match pads with new footprint in component :PD20 Footprint:PS13-6B TO
Change Footprint: Cannot match pads with new footprint in component :PD21 Footprint:PS13-6B TO
Change Footprint: Cannot match pads with new footprint in component :PD22 Footprint:PS13-6B TO
Change Footprint: Cannot match pads with new footprint in component :PD23 Footprint:PS13-6B TO
Change Footprint: Cannot match pads with new footprint in component :PD24 Footprint:PS13-6B TO
Change Footprint: Cannot match pads with new footprint in component :PD25 Footprint:PS13-6B TO
Change Footprint: Cannot match pads with new footprint in component :PD26 Footprint:PS13-6B TO
Change Footprint: Cannot match pads with new footprint in component :PD27 Footprint:PS13-6B TO
Change Footprint: Cannot match pads with new footprint in component :PD28 Footprint:PS13-6B TO
Change Footprint: Cannot match pads with new footprint in component :PD29 Footprint:PS13-6B TO
Change Footprint: Cannot match pads with new footprint in component :PD30 Footprint:PS13-6B TO
Change Footprint: Cannot match pads with new footprint in component :PD31 Footprint:PS13-6B TO
Change Footprint: Cannot match pads with new footprint in component :PD32 Footprint:PS13-6B TO
Change Footprint: Cannot match pads with new footprint in component :PD33 Footprint:PS13-6B TO
Change Footprint: Cannot match pads with new footprint in component :PD34 Footprint:PS13-6B TO
Change Footprint: Cannot match pads with new footprint in component :PD35 Footprint:PS13-6B TO
Change Footprint: Cannot match pads with new footprint in component :PD36 Footprint:PS13-6B TO
Change Footprint: Cannot match pads with new footprint in component :PD37 Footprint:PS13-6B TO
Change Footprint: Cannot match pads with new footprint in component :PD38 Footprint:PS13-6B TO
Change Footprint: Cannot match pads with new footprint in component :PD39 Footprint:PS13-6B TO
Change Footprint: Cannot match pads with new footprint in component :PD40 Footprint:PS13-6B TO
Change Footprint: Cannot match pads with new footprint in component :PD41 Footprint:PS13-6B TO
Change Footprint: Cannot match pads with new footprint in component :PD42 Footprint:PS13-6B TO
Change Footprint: Cannot match pads with new footprint in component :PD43 Footprint:PS13-6B TO
Change Footprint: Cannot match pads with new footprint in component :PD44 Footprint:PS13-6B TO
Change Footprint: Cannot match pads with new footprint in component :PD45 Footprint:PS13-6B TO
Change Footprint: Cannot match pads with new footprint in component :PD46 Footprint:PS13-6B TO
Change Footprint: Cannot match pads with new footprint in component :PD47 Footprint:PS13-6B TO
Change Footprint: Cannot match pads with new footprint in component :PD48 Footprint:PS13-6B TO
Change Component Comment : Designator=R19 Old Comment=1K 1% New Comment=10K 1%
Change Component Comment : Designator=R18 Old Comment=10K 1% New Comment=1K 1%
Change Component Designator: OldDesignator=JP1 NewDesignator=J1
Change Component Designator: OldDesignator=JP2 NewDesignator=J2
Change Component Designator: OldDesignator=TVS1 NewDesignator=D1
Change Component Designator: OldDesignator=TVS4 NewDesignator=D2
Added Component: Designator=D3(SOT23-123)
Added Component: Designator=D4(SOT23-123)
Added Component: Designator=D5(SOT23-123)
Added Component: Designator=DS1(GREENLED_0603)
Add component (AddParameter): Name = "Value"; Value = "LED 3 - 5 ly 2 Colour"; VariantName = "[No Variations]"
Added Component: Designator=DS2(GREENLED_0603)
Add component (AddParameter): Name = "Value"; Value = "LED 3 - 5 ly 2 Colour"; VariantName = "[No Variations]"
Added Pin To Net: NetName=MISO_PD Pin=D3-1
Added Pin To Net: NetName=GND Pin=D3-2
Added Pin To Net: NetName=SW_CS Pin=D3-3
Added Pin To Net: NetName=ADC_CS Pin=D4-1
Added Pin To Net: NetName=GND Pin=D4-2
Added Pin To Net: NetName=ADC_CONVST Pin=D4-3
Added Pin To Net: NetName=ADC_EOC Pin=D5-1
Added Pin To Net: NetName=GND Pin=D5-2
Added Pin To Net: NetName=ADC_EOC Pin=D5-3
Added Pin To Net: NetName=GND Pin=DS1-2
Added Pin To Net: NetName=GND Pin=DS2-2
Added Pin To Net: NetName=+3.3 Pin=R18-2
Added Pin To Net: NetName=12V_EXP Pin=R19-2
Change Net Name : Old Net Name=NetJP2_3 New Net Name=NetJ2_3
Added Pin To Net: NetName=NetDS1_1 Pin=DS1-1
Added Pin To Net: NetName=NetDS1_1 Pin=R19-1
Added Net: Name=NetDS1_1
Added Pin To Net: NetName=NetDS2_1 Pin=DS2-1
Added Pin To Net: NetName=NetDS2_1 Pin=R18-1
Added Net: Name=NetDS2_1
Change Class Name : Old Net Name=POWER_ISOLATE_AND_LDO New Net Name=LDO
Added Member To Class: ClassName=COMMUNICATION Member=Component D3 S2305
Added Member To Class: ClassName=COMMUNICATION Member=Component D4 S2305
Added Member To Class: ClassName=COMMUNICATION Member=Component D5 S2305
Added Member To Class: ClassName=LDO Member=Component DS1 12V
Added Member To Class: ClassName=LDO Member=Component DS2 3.3V
Added Member To Class: ClassName=LDO Member=Component R18 1K 1%
Added Member To Class: ClassName=LDO Member=Component R19 10K 1%
